TN:
SF:src/patient.js
FN:3,(anonymous_0)
FN:30,(anonymous_1)
FN:41,(anonymous_2)
FNF:3
FNH:3
FNDA:4,(anonymous_0)
FNDA:8,(anonymous_1)
FNDA:4,(anonymous_2)
DA:4,4
DA:6,4
DA:7,1
DA:10,4
DA:11,1
DA:14,4
DA:15,1
DA:18,4
DA:19,3
DA:22,1
DA:23,1
DA:24,1
DA:25,1
DA:26,1
DA:32,8
DA:34,8
DA:35,8
DA:36,2
DA:38,6
DA:42,4
DA:43,4
DA:44,4
DA:45,1
DA:47,3
DA:53,1
LF:25
LH:25
BRDA:6,0,0,1
BRDA:6,0,1,3
BRDA:10,1,0,1
BRDA:10,1,1,3
BRDA:14,2,0,1
BRDA:14,2,1,3
BRDA:18,3,0,3
BRDA:18,3,1,1
BRDA:35,4,0,2
BRDA:35,4,1,6
BRDA:44,5,0,1
BRDA:44,5,1,3
BRF:12
BRH:12
end_of_record
