TN:
SF:src/deIdentifier.js
FN:3,(anonymous_0)
FN:14,(anonymous_1)
FNF:2
FNH:2
FNDA:2,(anonymous_0)
FNDA:2,(anonymous_1)
DA:4,2
DA:5,2
DA:6,2
DA:7,2
DA:8,1
DA:10,1
DA:15,2
DA:17,2
DA:19,2
DA:24,1
LF:10
LH:10
BRDA:7,0,0,1
BRDA:7,0,1,1
BRF:2
BRH:2
end_of_record
TN:
SF:src/patient.js
FN:2,(anonymous_0)
FN:36,(anonymous_1)
FN:47,(anonymous_2)
FNF:3
FNH:3
FNDA:6,(anonymous_0)
FNDA:18,(anonymous_1)
FNDA:6,(anonymous_2)
DA:3,6
DA:5,6
DA:6,2
DA:9,6
DA:10,2
DA:13,6
DA:14,2
DA:19,6
DA:20,2
DA:25,6
DA:26,5
DA:29,1
DA:30,1
DA:31,1
DA:32,1
DA:33,1
DA:38,18
DA:40,18
DA:41,18
DA:42,6
DA:44,12
DA:48,6
DA:49,6
DA:50,6
DA:51,2
DA:53,4
DA:57,2
LF:27
LH:27
BRDA:5,0,0,2
BRDA:5,0,1,4
BRDA:9,1,0,2
BRDA:9,1,1,4
BRDA:13,2,0,2
BRDA:13,2,1,4
BRDA:19,3,0,2
BRDA:19,3,1,4
BRDA:25,4,0,5
BRDA:25,4,1,1
BRDA:41,5,0,6
BRDA:41,5,1,12
BRDA:50,6,0,2
BRDA:50,6,1,4
BRF:14
BRH:14
end_of_record
